# JRE version: OpenJDK Runtime Environment Temurin-21.0.1+12 (21.0.1+12) (build 21.0.1+12-LTS)
# Java VM: OpenJDK 64-Bit Server VM Temurin-21.0.1+12 (21.0.1+12-LTS, mixed mode, sharing, tiered, compressed oops, compressed class ptrs, g1 gc, windows-amd64)
GC Precious Log:
 CardTable entry size: 512
 Card Set container configuration: InlinePtr #cards 5 size 8 Array Of Cards #cards 12 size 40 Howl #buckets 4 coarsen threshold 1843 Howl Bitmap #cards 512 size 80 coarsen threshold 460 Card regions per heap region 1 cards per card region 2048
 CPUs: 8 total, 8 available
 Memory: 7825M
 Large Page Support: Disabled
 NUMA Support: Disabled
 Compressed Oops: Enabled (32-bit)
 Heap Region Size: 1M
 Heap Min Capacity: 8M
 Heap Initial Capacity: 124M
 Heap Max Capacity: 1958M
 Pre-touch: Disabled
 Parallel Workers: 8
 Concurrent Workers: 2
 Concurrent Refinement Workers: 8
 Periodic GC: Disabled
Heap:
 garbage-first heap   total 70656K, used 39547K [0x0000000085a00000, 0x0000000100000000)
  region size 1024K, 12 young (12288K), 2 survivors (2048K)
 Metaspace       used 70464K, committed 70976K, reserved 1114112K
  class space    used 8754K, committed 9024K, reserved 1048576K
GC Heap History (20 events):
Event: 8311.304 GC heap before
{Heap before GC invocations=20 (full 0):
 garbage-first heap   total 70656K, used 64127K [0x0000000085a00000, 0x0000000100000000)
  region size 1024K, 32 young (32768K), 2 survivors (2048K)
 Metaspace       used 69371K, committed 69952K, reserved 1114112K
  class space    used 8720K, committed 9024K, reserved 1048576K
}
Event: 8311.320 GC heap after
{Heap after GC invocations=21 (full 0):
 garbage-first heap   total 70656K, used 33931K [0x0000000085a00000, 0x0000000100000000)
  region size 1024K, 3 young (3072K), 3 survivors (3072K)
 Metaspace       used 69371K, committed 69952K, reserved 1114112K
  class space    used 8720K, committed 9024K, reserved 1048576K
}
Event: 9406.962 GC heap before
{Heap before GC invocations=21 (full 0):
 garbage-first heap   total 70656K, used 62603K [0x0000000085a00000, 0x0000000100000000)
  region size 1024K, 31 young (31744K), 3 survivors (3072K)
 Metaspace       used 69731K, committed 70272K, reserved 1114112K
  class space    used 8726K, committed 9024K, reserved 1048576K
}
Event: 9407.029 GC heap after
{Heap after GC invocations=22 (full 0):
 garbage-first heap   total 70656K, used 31489K [0x0000000085a00000, 0x0000000100000000)
  region size 1024K, 2 young (2048K), 2 survivors (2048K)
 Metaspace       used 69731K, committed 70272K, reserved 1114112K
  class space    used 8726K, committed 9024K, reserved 1048576K
}
Event: 10109.057 GC heap before
{Heap before GC invocations=22 (full 0):
 garbage-first heap   total 70656K, used 62209K [0x0000000085a00000, 0x0000000100000000)
  region size 1024K, 33 young (33792K), 2 survivors (2048K)
 Metaspace       used 69962K, committed 70464K, reserved 1114112K
  class space    used 8744K, committed 9024K, reserved 1048576K
}
Event: 10109.114 GC heap after
{Heap after GC invocations=23 (full 0):
 garbage-first heap   total 70656K, used 31759K [0x0000000085a00000, 0x0000000100000000)
  region size 1024K, 2 young (2048K), 2 survivors (2048K)
 Metaspace       used 69962K, committed 70464K, reserved 1114112K
  class space    used 8744K, committed 9024K, reserved 1048576K
}
Event: 11060.635 GC heap before
{Heap before GC invocations=24 (full 0):
 garbage-first heap   total 70656K, used 63503K [0x0000000085a00000, 0x0000000100000000)
  region size 1024K, 33 young (33792K), 2 survivors (2048K)
 Metaspace       used 70162K, committed 70720K, reserved 1114112K
  class space    used 8746K, committed 9024K, reserved 1048576K
}
Event: 11060.675 GC heap after
{Heap after GC invocations=25 (full 0):
 garbage-first heap   total 70656K, used 31453K [0x0000000085a00000, 0x0000000100000000)
  region size 1024K, 2 young (2048K), 2 survivors (2048K)
 Metaspace       used 70162K, committed 70720K, reserved 1114112K
  class space    used 8746K, committed 9024K, reserved 1048576K
}
Event: 11749.420 GC heap before
{Heap before GC invocations=25 (full 0):
 garbage-first heap   total 70656K, used 63197K [0x0000000085a00000, 0x0000000100000000)
  region size 1024K, 33 young (33792K), 2 survivors (2048K)
 Metaspace       used 70259K, committed 70784K, reserved 1114112K
  class space    used 8752K, committed 9024K, reserved 1048576K
}
Event: 11749.470 GC heap after
{Heap after GC invocations=26 (full 0):
 garbage-first heap   total 70656K, used 30976K [0x0000000085a00000, 0x0000000100000000)
  region size 1024K, 2 young (2048K), 2 survivors (2048K)
 Metaspace       used 70259K, committed 70784K, reserved 1114112K
  class space    used 8752K, committed 9024K, reserved 1048576K
}
Event: 12100.898 GC heap before
{Heap before GC invocations=26 (full 0):
 garbage-first heap   total 70656K, used 63744K [0x0000000085a00000, 0x0000000100000000)
  region size 1024K, 34 young (34816K), 2 survivors (2048K)
 Metaspace       used 70319K, committed 70848K, reserved 1114112K
  class space    used 8752K, committed 9024K, reserved 1048576K
}
Event: 12100.918 GC heap after
{Heap after GC invocations=27 (full 0):
 garbage-first heap   total 70656K, used 30836K [0x0000000085a00000, 0x0000000100000000)
  region size 1024K, 2 young (2048K), 2 survivors (2048K)
 Metaspace       used 70319K, committed 70848K, reserved 1114112K
  class space    used 8752K, committed 9024K, reserved 1048576K
}
Event: 12701.963 GC heap before
{Heap before GC invocations=28 (full 0):
 garbage-first heap   total 70656K, used 63604K [0x0000000085a00000, 0x0000000100000000)
  region size 1024K, 34 young (34816K), 2 survivors (2048K)
 Metaspace       used 70337K, committed 70848K, reserved 1114112K
  class space    used 8752K, committed 9024K, reserved 1048576K
}
Event: 12702.029 GC heap after
{Heap after GC invocations=29 (full 0):
 garbage-first heap   total 70656K, used 30916K [0x0000000085a00000, 0x0000000100000000)
  region size 1024K, 2 young (2048K), 2 survivors (2048K)
 Metaspace       used 70337K, committed 70848K, reserved 1114112K
  class space    used 8752K, committed 9024K, reserved 1048576K
}
Event: 13380.199 GC heap before
{Heap before GC invocations=29 (full 0):
 garbage-first heap   total 70656K, used 63684K [0x0000000085a00000, 0x0000000100000000)
  region size 1024K, 34 young (34816K), 2 survivors (2048K)
 Metaspace       used 70383K, committed 70848K, reserved 1114112K
  class space    used 8753K, committed 9024K, reserved 1048576K
}
Event: 13380.251 GC heap after
{Heap after GC invocations=30 (full 0):
 garbage-first heap   total 70656K, used 30565K [0x0000000085a00000, 0x0000000100000000)
  region size 1024K, 2 young (2048K), 2 survivors (2048K)
 Metaspace       used 70383K, committed 70848K, reserved 1114112K
  class space    used 8753K, committed 9024K, reserved 1048576K
}
Event: 13385.471 GC heap before
{Heap before GC invocations=30 (full 0):
 garbage-first heap   total 70656K, used 63333K [0x0000000085a00000, 0x0000000100000000)
  region size 1024K, 34 young (34816K), 2 survivors (2048K)
 Metaspace       used 70416K, committed 70912K, reserved 1114112K
  class space    used 8753K, committed 9024K, reserved 1048576K
}
Event: 13385.479 GC heap after
{Heap after GC invocations=31 (full 0):
 garbage-first heap   total 70656K, used 30348K [0x0000000085a00000, 0x0000000100000000)
  region size 1024K, 2 young (2048K), 2 survivors (2048K)
 Metaspace       used 70416K, committed 70912K, reserved 1114112K
  class space    used 8753K, committed 9024K, reserved 1048576K
}
Event: 13389.149 GC heap before
{Heap before GC invocations=32 (full 0):
 garbage-first heap   total 70656K, used 63116K [0x0000000085a00000, 0x0000000100000000)
  region size 1024K, 34 young (34816K), 2 survivors (2048K)
 Metaspace       used 70463K, committed 70976K, reserved 1114112K
  class space    used 8753K, committed 9024K, reserved 1048576K
}
Event: 13389.157 GC heap after
{Heap after GC invocations=33 (full 0):
 garbage-first heap   total 70656K, used 30331K [0x0000000085a00000, 0x0000000100000000)
  region size 1024K, 2 young (2048K), 2 survivors (2048K)
 Metaspace       used 70463K, committed 70976K, reserved 1114112K
  class space    used 8753K, committed 9024K, reserved 1048576K
}

